# JRE version: OpenJDK Runtime Environment (8.0_242-b01) (build 1.8.0_242-release-1644-b01)
# Java VM: OpenJDK 64-Bit Server VM (25.242-b01 mixed mode windows-amd64 compressed oops)
Heap:
 PSYoungGen      total 334336K, used 13444K [0x00000000d5580000, 0x00000000ee880000, 0x0000000100000000)
  eden space 290816K, 4% used [0x00000000d5580000,0x00000000d62a1130,0x00000000e7180000)
  from space 43520K, 0% used [0x00000000e7180000,0x00000000e7180000,0x00000000e9c00000)
  to   space 44544K, 0% used [0x00000000e9c00000,0x00000000e9c00000,0x00000000ec780000)
 ParOldGen       total 297984K, used 57067K [0x0000000080000000, 0x0000000092300000, 0x00000000d5580000)
  object space 297984K, 19% used [0x0000000080000000,0x00000000837baf38,0x0000000092300000)
 Metaspace       used 105454K, capacity 109944K, committed 110296K, reserved 1148928K
  class space    used 13852K, capacity 14755K, committed 14848K, reserved 1048576K
GC Heap History (10 events):
Event: 6803.752 GC heap before
{Heap before GC invocations=18 (full 4):
 PSYoungGen      total 263680K, used 27697K [0x00000000d5580000, 0x00000000ea580000, 0x0000000100000000)
  eden space 235520K, 0% used [0x00000000d5580000,0x00000000d5580000,0x00000000e3b80000)
  from space 28160K, 98% used [0x00000000e8a00000,0x00000000ea50c520,0x00000000ea580000)
  to   space 35840K, 0% used [0x00000000e5f80000,0x00000000e5f80000,0x00000000e8280000)
 ParOldGen       total 206848K, used 51562K [0x0000000080000000, 0x000000008ca00000, 0x00000000d5580000)
  object space 206848K, 24% used [0x0000000080000000,0x000000008325a808,0x000000008ca00000)
 Metaspace       used 93893K, capacity 98276K, committed 98380K, reserved 1134592K
  class space    used 12344K, capacity 13261K, committed 13312K, reserved 1048576K
Event: 6804.276 GC heap after
Heap after GC invocations=18 (full 4):
 PSYoungGen      total 263680K, used 0K [0x00000000d5580000, 0x00000000ea580000, 0x0000000100000000)
  eden space 235520K, 0% used [0x00000000d5580000,0x00000000d5580000,0x00000000e3b80000)
  from space 28160K, 0% used [0x00000000e8a00000,0x00000000e8a00000,0x00000000ea580000)
  to   space 35840K, 0% used [0x00000000e5f80000,0x00000000e5f80000,0x00000000e8280000)
 ParOldGen       total 297984K, used 49158K [0x0000000080000000, 0x0000000092300000, 0x00000000d5580000)
  object space 297984K, 16% used [0x0000000080000000,0x0000000083001b30,0x0000000092300000)
 Metaspace       used 92991K, capacity 96646K, committed 98380K, reserved 1134592K
  class space    used 12167K, capacity 12939K, committed 13312K, reserved 1048576K
}
Event: 6808.361 GC heap before
{Heap before GC invocations=19 (full 4):
 PSYoungGen      total 263680K, used 235520K [0x00000000d5580000, 0x00000000ea580000, 0x0000000100000000)
  eden space 235520K, 100% used [0x00000000d5580000,0x00000000e3b80000,0x00000000e3b80000)
  from space 28160K, 0% used [0x00000000e8a00000,0x00000000e8a00000,0x00000000ea580000)
  to   space 35840K, 0% used [0x00000000e5f80000,0x00000000e5f80000,0x00000000e8280000)
 ParOldGen       total 297984K, used 49158K [0x0000000080000000, 0x0000000092300000, 0x00000000d5580000)
  object space 297984K, 16% used [0x0000000080000000,0x0000000083001b30,0x0000000092300000)
 Metaspace       used 97856K, capacity 102006K, committed 102872K, reserved 1138688K
  class space    used 12964K, capacity 13829K, committed 14080K, reserved 1048576K
Event: 6808.469 GC heap after
Heap after GC invocations=19 (full 4):
 PSYoungGen      total 308224K, used 35837K [0x00000000d5580000, 0x00000000ec780000, 0x0000000100000000)
  eden space 272384K, 0% used [0x00000000d5580000,0x00000000d5580000,0x00000000e5f80000)
  from space 35840K, 99% used [0x00000000e5f80000,0x00000000e827f508,0x00000000e8280000)
  to   space 44544K, 0% used [0x00000000e9c00000,0x00000000e9c00000,0x00000000ec780000)
 ParOldGen       total 297984K, used 57678K [0x0000000080000000, 0x0000000092300000, 0x00000000d5580000)
  object space 297984K, 19% used [0x0000000080000000,0x0000000083853910,0x0000000092300000)
 Metaspace       used 97856K, capacity 102006K, committed 102872K, reserved 1138688K
  class space    used 12964K, capacity 13829K, committed 14080K, reserved 1048576K
}
Event: 6837.854 GC heap before
{Heap before GC invocations=20 (full 4):
 PSYoungGen      total 308224K, used 308221K [0x00000000d5580000, 0x00000000ec780000, 0x0000000100000000)
  eden space 272384K, 100% used [0x00000000d5580000,0x00000000e5f80000,0x00000000e5f80000)
  from space 35840K, 99% used [0x00000000e5f80000,0x00000000e827f508,0x00000000e8280000)
  to   space 44544K, 0% used [0x00000000e9c00000,0x00000000e9c00000,0x00000000ec780000)
 ParOldGen       total 297984K, used 57678K [0x0000000080000000, 0x0000000092300000, 0x00000000d5580000)
  object space 297984K, 19% used [0x0000000080000000,0x0000000083853910,0x0000000092300000)
 Metaspace       used 99833K, capacity 104236K, committed 104792K, reserved 1140736K
  class space    used 13144K, capacity 14032K, committed 14208K, reserved 1048576K
Event: 6837.888 GC heap after
Heap after GC invocations=20 (full 4):
 PSYoungGen      total 335360K, used 23557K [0x00000000d5580000, 0x00000000ee880000, 0x0000000100000000)
  eden space 290816K, 0% used [0x00000000d5580000,0x00000000d5580000,0x00000000e7180000)
  from space 44544K, 52% used [0x00000000e9c00000,0x00000000eb3014b8,0x00000000ec780000)
  to   space 43520K, 0% used [0x00000000e7180000,0x00000000e7180000,0x00000000e9c00000)
 ParOldGen       total 297984K, used 57686K [0x0000000080000000, 0x0000000092300000, 0x00000000d5580000)
  object space 297984K, 19% used [0x0000000080000000,0x0000000083855910,0x0000000092300000)
 Metaspace       used 99833K, capacity 104236K, committed 104792K, reserved 1140736K
  class space    used 13144K, capacity 14032K, committed 14208K, reserved 1048576K
}
Event: 6841.890 GC heap before
{Heap before GC invocations=21 (full 4):
 PSYoungGen      total 335360K, used 114804K [0x00000000d5580000, 0x00000000ee880000, 0x0000000100000000)
  eden space 290816K, 31% used [0x00000000d5580000,0x00000000dae9bce0,0x00000000e7180000)
  from space 44544K, 52% used [0x00000000e9c00000,0x00000000eb3014b8,0x00000000ec780000)
  to   space 43520K, 0% used [0x00000000e7180000,0x00000000e7180000,0x00000000e9c00000)
 ParOldGen       total 297984K, used 57686K [0x0000000080000000, 0x0000000092300000, 0x00000000d5580000)
  object space 297984K, 19% used [0x0000000080000000,0x0000000083855910,0x0000000092300000)
 Metaspace       used 105000K, capacity 109422K, committed 109784K, reserved 1148928K
  class space    used 13799K, capacity 14686K, committed 14848K, reserved 1048576K
Event: 6841.966 GC heap after
Heap after GC invocations=21 (full 4):
 PSYoungGen      total 334336K, used 30349K [0x00000000d5580000, 0x00000000ee880000, 0x0000000100000000)
  eden space 290816K, 0% used [0x00000000d5580000,0x00000000d5580000,0x00000000e7180000)
  from space 43520K, 69% used [0x00000000e7180000,0x00000000e8f23698,0x00000000e9c00000)
  to   space 44544K, 0% used [0x00000000e9c00000,0x00000000e9c00000,0x00000000ec780000)
 ParOldGen       total 297984K, used 57686K [0x0000000080000000, 0x0000000092300000, 0x00000000d5580000)
  object space 297984K, 19% used [0x0000000080000000,0x0000000083855910,0x0000000092300000)
 Metaspace       used 105000K, capacity 109422K, committed 109784K, reserved 1148928K
  class space    used 13799K, capacity 14686K, committed 14848K, reserved 1048576K
}
Event: 6841.966 GC heap before
{Heap before GC invocations=22 (full 5):
 PSYoungGen      total 334336K, used 30349K [0x00000000d5580000, 0x00000000ee880000, 0x0000000100000000)
  eden space 290816K, 0% used [0x00000000d5580000,0x00000000d5580000,0x00000000e7180000)
  from space 43520K, 69% used [0x00000000e7180000,0x00000000e8f23698,0x00000000e9c00000)
  to   space 44544K, 0% used [0x00000000e9c00000,0x00000000e9c00000,0x00000000ec780000)
 ParOldGen       total 297984K, used 57686K [0x0000000080000000, 0x0000000092300000, 0x00000000d5580000)
  object space 297984K, 19% used [0x0000000080000000,0x0000000083855910,0x0000000092300000)
 Metaspace       used 105000K, capacity 109422K, committed 109784K, reserved 1148928K
  class space    used 13799K, capacity 14686K, committed 14848K, reserved 1048576K
Event: 6842.417 GC heap after
Heap after GC invocations=22 (full 5):
 PSYoungGen      total 334336K, used 0K [0x00000000d5580000, 0x00000000ee880000, 0x0000000100000000)
  eden space 290816K, 0% used [0x00000000d5580000,0x00000000d5580000,0x00000000e7180000)
  from space 43520K, 0% used [0x00000000e7180000,0x00000000e7180000,0x00000000e9c00000)
  to   space 44544K, 0% used [0x00000000e9c00000,0x00000000e9c00000,0x00000000ec780000)
 ParOldGen       total 297984K, used 57067K [0x0000000080000000, 0x0000000092300000, 0x00000000d5580000)
  object space 297984K, 19% used [0x0000000080000000,0x00000000837baf38,0x0000000092300000)
 Metaspace       used 104984K, capacity 109374K, committed 109784K, reserved 1146880K
  class space    used 13794K, capacity 14676K, committed 14848K, reserved 1048576K
}

